0 info it worked if it ends with ok
1 verbose cli [ '/usr/local/bin/node', '/usr/local/bin/npm', 'run', 'seed' ]
2 info using npm@4.0.5
3 info using node@v7.4.0
4 verbose run-script [ 'preseed', 'seed', 'postseed' ]
5 info lifecycle final_technical@1.0.0~preseed: final_technical@1.0.0
6 silly lifecycle final_technical@1.0.0~preseed: no script for preseed, continuing
7 info lifecycle final_technical@1.0.0~seed: final_technical@1.0.0
8 verbose lifecycle final_technical@1.0.0~seed: unsafe-perm in lifecycle true
9 verbose lifecycle final_technical@1.0.0~seed: PATH: /usr/local/lib/node_modules/npm/bin/node-gyp-bin:/Users/craig/Desktop/final_backend/node_modules/.bin:/usr/bin:/bin:/usr/sbin:/sbin:/usr/local/bin:/Users/craig/Downloads/scala-2.12.1/bin:/Applications/Postgres.app/Contents/Versions/9.6/bin/:/Users/craig/Downloads/scala-2.12.1/bin:/Applications/Postgres.app/Contents/Versions/9.6/bin/
10 verbose lifecycle final_technical@1.0.0~seed: CWD: /Users/craig/Desktop/final_backend
11 silly lifecycle final_technical@1.0.0~seed: Args: [ '-c',
11 silly lifecycle   'node ./seed/customers.js && ./seed/products.js && ./seed/orders.js && ./seed/productOrder.js' ]
12 silly lifecycle final_technical@1.0.0~seed: Returned: code: 126  signal: null
13 info lifecycle final_technical@1.0.0~seed: Failed to exec seed script
14 verbose stack Error: final_technical@1.0.0 seed: `node ./seed/customers.js && ./seed/products.js && ./seed/orders.js && ./seed/productOrder.js`
14 verbose stack Exit status 126
14 verbose stack     at EventEmitter.<anonymous> (/usr/local/lib/node_modules/npm/lib/utils/lifecycle.js:279:16)
14 verbose stack     at emitTwo (events.js:106:13)
14 verbose stack     at EventEmitter.emit (events.js:191:7)
14 verbose stack     at ChildProcess.<anonymous> (/usr/local/lib/node_modules/npm/lib/utils/spawn.js:40:14)
14 verbose stack     at emitTwo (events.js:106:13)
14 verbose stack     at ChildProcess.emit (events.js:191:7)
14 verbose stack     at maybeClose (internal/child_process.js:885:16)
14 verbose stack     at Process.ChildProcess._handle.onexit (internal/child_process.js:226:5)
15 verbose pkgid final_technical@1.0.0
16 verbose cwd /Users/craig/Desktop/final_backend
17 error Darwin 16.5.0
18 error argv "/usr/local/bin/node" "/usr/local/bin/npm" "run" "seed"
19 error node v7.4.0
20 error npm  v4.0.5
21 error code ELIFECYCLE
22 error final_technical@1.0.0 seed: `node ./seed/customers.js && ./seed/products.js && ./seed/orders.js && ./seed/productOrder.js`
22 error Exit status 126
23 error Failed at the final_technical@1.0.0 seed script 'node ./seed/customers.js && ./seed/products.js && ./seed/orders.js && ./seed/productOrder.js'.
23 error Make sure you have the latest version of node.js and npm installed.
23 error If you do, this is most likely a problem with the final_technical package,
23 error not with npm itself.
23 error Tell the author that this fails on your system:
23 error     node ./seed/customers.js && ./seed/products.js && ./seed/orders.js && ./seed/productOrder.js
23 error You can get information on how to open an issue for this project with:
23 error     npm bugs final_technical
23 error Or if that isn't available, you can get their info via:
23 error     npm owner ls final_technical
23 error There is likely additional logging output above.
24 verbose exit [ 1, true ]
